2026-01-21T23:05:40.793597, EB555WXT
2026-01-21T23:05:40.983709, SCHIVITT2
2026-01-21T23:05:41.265252, THAT
2026-01-21T23:05:41.680280, CAIVT
2026-01-21T23:06:12.081458, FB555WXTI
2026-01-21T23:06:12.301791, CHMITT
2026-01-21T23:06:12.506392, ABSS5WXT
2026-01-21T23:06:28.578447, PB555WXT
2026-01-21T23:06:28.814419, CHIMITT
2026-01-21T23:06:29.255651, 3555
2026-01-21T23:06:46.128792, MB555WXT
2026-01-21T23:06:46.366611, CHIVMTT2
2026-01-21T23:07:04.783591, AB5O5WY
2026-01-21T23:07:22.905776, B555WXT
2026-01-21T23:07:41.431910, BB555WXT
2026-01-21T23:08:01.181614, BB55WXTI
2026-01-21T23:08:01.728623, BDDDWAL
2026-01-21T23:08:21.924565, BB555WXT
2026-01-21T23:08:22.645399, B555WXT
2026-01-21T23:08:22.870999, B52TH
2026-01-21T23:08:42.932357, B555WXT
2026-01-21T23:08:43.406648, QRECWYT
2026-01-21T23:09:03.047230, B555WXT
2026-01-21T23:09:47.021536, E2340
2026-01-21T23:10:31.378311, 2279540
2026-01-21T23:10:53.758969, 5278345
2026-01-21T23:11:16.078991, S2FD
2026-01-21T23:12:30.842276, CT40LMD
2026-01-21T23:12:31.112726, CTGOLMD
2026-01-21T23:12:52.267787, 40LMD
